#
# A fatal error has been detected by the Java Runtime Environment:
#
#  EXCEPTION_UNCAUGHT_CXX_EXCEPTION (0xe06d7363) at pc=0x00007ff92216a308, pid=19460, tid=13444
#
# JRE version: Java(TM) SE Runtime Environment (7.0_67-b01) (build 1.7.0_67-b01)
# Java VM: Java HotSpot(TM) 64-Bit Server VM (24.65-b04 mixed mode windows-amd64 compressed oops)
# Problematic frame:
# C  [KERNELBASE.dll+0x3a308]
#
# Failed to write core dump. Minidumps are not enabled by default on client versions of Windows
#
# If you would like to submit a bug report, please visit:
#   http://bugreport.sun.com/bugreport/crash.jsp
# The crash happened outside the Java Virtual Machine in native code.
# See problematic frame for where to report the bug.
#

---------------  T H R E A D  ---------------

Current thread (0x000000001c2e6800):  JavaThread "Worker-1" [_thread_in_native, id=13444, stack(0x0000000022670000,0x0000000022770000)]

siginfo: ExceptionCode=0xe06d7363, ExceptionInformation=0x0000000019930520 0x000000002276ed40 0x000000006a655a00 0x000000006a5b0000 

Registers:
RAX=0x0000000002210150, RBX=0x000000002276ed40, RCX=0x0000000002210000, RDX=0x00007ff925c730ac
RSP=0x000000002276ebd0, RBP=0x000000002276ed10, RSI=0x0000000000000000, RDI=0x000000006a655a00
R8 =0x00007ff925c8ae51, R9 =0x00000000000029fc, R10=0x00000000000029fc, R11=0x0000000000001bf8
R12=0x0000000001c9c380, R13=0x0000000000010001, R14=0x000000001aed9920, R15=0x000000001c2e6800
RIP=0x00007ff92216a308, EFLAGS=0x0000000000000202

Top of Stack: (sp=0x000000002276ebd0)
0x000000002276ebd0:   000001c9c549c390 000000002276ed40
0x000000002276ebe0:   0000000000000000 000000006a655a00
0x000000002276ebf0:   00000001e06d7363 0000000000000000
0x000000002276ec00:   00007ff92216a308 00007ff900000004
0x000000002276ec10:   0000000019930520 000000002276ed40
0x000000002276ec20:   000000006a655a00 000000006a5b0000
0x000000002276ec30:   000000001aed9920 0000000001c9c380
0x000000002276ec40:   000000006a655a00 0000000000000000
0x000000002276ec50:   000000002276ed10 00007ff925c70f6f
0x000000002276ec60:   000000002276ed20 00007ff900000000
0x000000002276ec70:   0000bb7b3044a96a 00007ff925c7922b
0x000000002276ec80:   000000006a66a000 000000006a5b0000
0x000000002276ec90:   0000a45189ad030e 0000000010010011
0x000000002276eca0:   000000002276ed40 000000006a6114f1
0x000000002276ecb0:   000000002276ed40 000000006a60f07e
0x000000002276ecc0:   000000002276edc9 0000000000000020 

Instructions: (pc=0x00007ff92216a308)
0x00007ff92216a2e8:   49 8b d1 44 0f 47 c0 44 89 44 24 38 49 c1 e0 03
0x00007ff92216a2f8:   e8 3a 47 04 00 48 8d 4c 24 20 ff 15 30 84 14 00
0x00007ff92216a308:   48 8b 8c 24 c0 00 00 00 48 33 cc e8 48 06 04 00
0x00007ff92216a318:   48 81 c4 d8 00 00 00 c3 83 64 24 38 00 eb d6 cc 


Register to memory mapping:

RAX=0x0000000002210150 is an unknown value
RBX=0x000000002276ed40 is pointing into the stack for thread: 0x000000001c2e6800
RCX=0x0000000002210000 is an unknown value
RDX=0x00007ff925c730ac is an unknown value
RSP=0x000000002276ebd0 is pointing into the stack for thread: 0x000000001c2e6800
RBP=0x000000002276ed10 is pointing into the stack for thread: 0x000000001c2e6800
RSI=0x0000000000000000 is an unknown value
RDI=0x000000006a655a00 is an unknown value
R8 =0x00007ff925c8ae51 is an unknown value
R9 =0x00000000000029fc is an unknown value
R10=0x00000000000029fc is an unknown value
R11=0x0000000000001bf8 is an unknown value
R12=0x0000000001c9c380 is an unknown value
R13=0x0000000000010001 is an unknown value
R14=0x000000001aed9920 is an unknown value
R15=0x000000001c2e6800 is a thread


Stack: [0x0000000022670000,0x0000000022770000],  sp=0x000000002276ebd0,  free space=1018k
Native frames: (J=compiled Java code, j=interpreted, Vv=VM code, C=native code)
C  [KERNELBASE.dll+0x3a308]

Java frames: (J=compiled Java code, j=interpreted, Vv=VM code)
j  com.intempora.rtmaps.api.rtmapsJNI.Run()I+0
j  com.intempora.rtmaps.api.MAPS.Run()I+0
j  com.intempora.rtboard.engine.rtmaps.jni.APIEngineJNI.Run()V+0
j  com.intempora.rtboard.core.model.RTBEngine.Run()Z+41
j  com.intempora.rtboard.vcr.toolbar.RunShutdownItem$1$1.run(Lorg/eclipse/core/runtime/IProgressMonitor;)Lorg/eclipse/core/runtime/IStatus;+53
j  org.eclipse.core.internal.jobs.Worker.run()V+31
v  ~StubRoutines::call_stub

---------------  P R O C E S S  ---------------

Java Threads: ( => current thread )
  0x000000001edd9800 JavaThread "Worker-9" [_thread_blocked, id=19404, stack(0x0000000069540000,0x0000000069640000)]
  0x000000001eddf800 JavaThread "Worker-8" [_thread_blocked, id=5836, stack(0x000000002d5f0000,0x000000002d6f0000)]
  0x000000001edd8000 JavaThread "Worker-7" [_thread_blocked, id=5324, stack(0x000000002d4f0000,0x000000002d5f0000)]
  0x000000001edd6800 JavaThread "Worker-6" [_thread_blocked, id=18752, stack(0x000000002d380000,0x000000002d480000)]
  0x000000001eddc800 JavaThread "Worker-5" [_thread_blocked, id=13432, stack(0x000000002d260000,0x000000002d360000)]
  0x000000001edd7000 JavaThread "Worker-4" [_thread_blocked, id=18468, stack(0x000000002d160000,0x000000002d260000)]
  0x000000001eddb000 JavaThread "Worker-3" [_thread_blocked, id=20164, stack(0x000000002d060000,0x000000002d160000)]
  0x000000001eddd000 JavaThread "Thread-5" daemon [_thread_in_native, id=3348, stack(0x000000002bc90000,0x000000002bd90000)]
  0x000000001c2eb000 JavaThread "Worker-2" [_thread_blocked, id=6256, stack(0x0000000028ab0000,0x0000000028bb0000)]
=>0x000000001c2e6800 JavaThread "Worker-1" [_thread_in_native, id=13444, stack(0x0000000022670000,0x0000000022770000)]
  0x000000001c2ec000 JavaThread "Provisioning Event Dispatcher" daemon [_thread_blocked, id=13036, stack(0x000000001e6d0000,0x000000001e7d0000)]
  0x000000001c2ea800 JavaThread "Worker-0" [_thread_blocked, id=18416, stack(0x000000001e5d0000,0x000000001e6d0000)]
  0x000000001c2e9000 JavaThread "Worker-JM" [_thread_blocked, id=11960, stack(0x000000001e4d0000,0x000000001e5d0000)]
  0x000000001c2e9800 JavaThread "[Timer] - Main Queue Handler" daemon [_thread_blocked, id=19688, stack(0x000000001e280000,0x000000001e380000)]
  0x000000001c2e6000 JavaThread "Bundle File Closer" daemon [_thread_blocked, id=14060, stack(0x000000001cfb0000,0x000000001d0b0000)]
  0x000000001c2e8000 JavaThread "Start Level Event Dispatcher" daemon [_thread_blocked, id=18392, stack(0x000000001ceb0000,0x000000001cfb0000)]
  0x000000001c2e5000 JavaThread "Framework Event Dispatcher" daemon [_thread_blocked, id=3448, stack(0x000000001ccb0000,0x000000001cdb0000)]
  0x000000001c2e7800 JavaThread "State Saver" [_thread_blocked, id=3452, stack(0x000000001cbb0000,0x000000001ccb0000)]
  0x000000001ad76000 JavaThread "Service Thread" daemon [_thread_blocked, id=18332, stack(0x000000001b550000,0x000000001b650000)]
  0x0000000018d9d800 JavaThread "C2 CompilerThread1" daemon [_thread_blocked, id=15660, stack(0x000000001b450000,0x000000001b550000)]
  0x0000000018d9d000 JavaThread "C2 CompilerThread0" daemon [_thread_blocked, id=14856, stack(0x000000001b350000,0x000000001b450000)]
  0x0000000018d9b800 JavaThread "Attach Listener" daemon [_thread_blocked, id=17888, stack(0x000000001b250000,0x000000001b350000)]
  0x000000001ad71800 JavaThread "Signal Dispatcher" daemon [_thread_blocked, id=12972, stack(0x000000001b150000,0x000000001b250000)]
  0x0000000002653800 JavaThread "Finalizer" daemon [_thread_blocked, id=14528, stack(0x000000001ac50000,0x000000001ad50000)]
  0x000000000264d000 JavaThread "Reference Handler" daemon [_thread_blocked, id=11764, stack(0x000000001ab50000,0x000000001ac50000)]
  0x0000000002566800 JavaThread "main" [_thread_in_native, id=10212, stack(0x00000000000e0000,0x00000000001e0000)]

Other Threads:
  0x0000000018d86800 VMThread [stack: 0x000000001aa50000,0x000000001ab50000] [id=13220]
  0x000000001ad93000 WatcherThread [stack: 0x000000001b650000,0x000000001b750000] [id=15052]

VM state:not at safepoint (normal execution)

VM Mutex/Monitor currently owned by a thread: None

Heap
 PSYoungGen      total 152576K, used 74046K [0x0000000756600000, 0x0000000761000000, 0x0000000800000000)
  eden space 131072K, 40% used [0x0000000756600000,0x00000007599ef280,0x000000075e600000)
  from space 21504K, 97% used [0x000000075fb00000,0x0000000760f606f8,0x0000000761000000)
  to   space 21504K, 0% used [0x000000075e600000,0x000000075e600000,0x000000075fb00000)
 ParOldGen       total 347136K, used 2957K [0x0000000603200000, 0x0000000618500000, 0x0000000756600000)
  object space 347136K, 0% used [0x0000000603200000,0x00000006034e36c0,0x0000000618500000)
 PSPermGen       total 44544K, used 44348K [0x00000005fe000000, 0x0000000600b80000, 0x0000000603200000)
  object space 44544K, 99% used [0x00000005fe000000,0x0000000600b4f260,0x0000000600b80000)

Card table byte_map: [0x0000000005720000,0x0000000006740000] byte_map_base: 0x0000000002730000

Polling page: 0x0000000002170000

Code Cache  [0x0000000002660000, 0x0000000002930000, 0x0000000005660000)
 total_blobs=1331 nmethods=639 adapters=643 free_code_cache=46471Kb largest_free_block=47437888

Compilation events (10 events):
Event: 9.842 Thread 0x0000000018d9d000  694             org.eclipse.draw2d.Layer::containsPoint (95 bytes)
Event: 9.842 Thread 0x0000000018d9d800  695             org.eclipse.draw2d.Figure::findFigureAt (54 bytes)
Event: 9.844 Thread 0x0000000018d9d000 nmethod 694 0x0000000002825c90 code [0x0000000002825e00, 0x0000000002826158]
Event: 9.846 Thread 0x0000000018d9d800 nmethod 695 0x0000000002824650 code [0x0000000002824820, 0x0000000002824d68]
Event: 9.993 Thread 0x0000000018d9d000  696             org.eclipse.swt.widgets.Tree::windowProc (1753 bytes)
Event: 10.004 Thread 0x0000000018d9d000 nmethod 696 0x000000000284a0d0 code [0x000000000284a4a0, 0x000000000284b4c8]
Event: 10.035 Thread 0x0000000018d9d800  697             org.eclipse.swt.widgets.Tree::callWindowProc (971 bytes)
Event: 10.042 Thread 0x0000000018d9d800 nmethod 697 0x0000000002920c50 code [0x0000000002920fa0, 0x0000000002921c10]
Event: 10.857 Thread 0x0000000018d9d000  698  s          org.eclipse.osgi.internal.loader.BundleLoader::getParentClassLoader (22 bytes)
Event: 10.858 Thread 0x0000000018d9d000 nmethod 698 0x0000000002825810 code [0x0000000002825940, 0x0000000002825b78]

GC Heap History (4 events):
Event: 2.085 GC heap before
{Heap before GC invocations=1 (full 0):
 PSYoungGen      total 152576K, used 131072K [0x0000000756600000, 0x0000000761000000, 0x0000000800000000)
  eden space 131072K, 100% used [0x0000000756600000,0x000000075e600000,0x000000075e600000)
  from space 21504K, 0% used [0x000000075fb00000,0x000000075fb00000,0x0000000761000000)
  to   space 21504K, 0% used [0x000000075e600000,0x000000075e600000,0x000000075fb00000)
 ParOldGen       total 347136K, used 0K [0x0000000603200000, 0x0000000618500000, 0x0000000756600000)
  object space 347136K, 0% used [0x0000000603200000,0x0000000603200000,0x0000000618500000)
 PSPermGen       total 22528K, used 22450K [0x00000005fe000000, 0x00000005ff600000, 0x0000000603200000)
  object space 22528K, 99% used [0x00000005fe000000,0x00000005ff5ecbd8,0x00000005ff600000)
Event: 2.096 GC heap after
Heap after GC invocations=1 (full 0):
 PSYoungGen      total 152576K, used 21481K [0x0000000756600000, 0x0000000761000000, 0x0000000800000000)
  eden space 131072K, 0% used [0x0000000756600000,0x0000000756600000,0x000000075e600000)
  from space 21504K, 99% used [0x000000075e600000,0x000000075fafa4a8,0x000000075fb00000)
  to   space 21504K, 0% used [0x000000075fb00000,0x000000075fb00000,0x0000000761000000)
 ParOldGen       total 347136K, used 2949K [0x0000000603200000, 0x0000000618500000, 0x0000000756600000)
  object space 347136K, 0% used [0x0000000603200000,0x00000006034e16c0,0x0000000618500000)
 PSPermGen       total 22528K, used 22450K [0x00000005fe000000, 0x00000005ff600000, 0x0000000603200000)
  object space 22528K, 99% used [0x00000005fe000000,0x00000005ff5ecbd8,0x00000005ff600000)
}
Event: 4.135 GC heap before
{Heap before GC invocations=2 (full 0):
 PSYoungGen      total 152576K, used 152553K [0x0000000756600000, 0x0000000761000000, 0x0000000800000000)
  eden space 131072K, 100% used [0x0000000756600000,0x000000075e600000,0x000000075e600000)
  from space 21504K, 99% used [0x000000075e600000,0x000000075fafa4a8,0x000000075fb00000)
  to   space 21504K, 0% used [0x000000075fb00000,0x000000075fb00000,0x0000000761000000)
 ParOldGen       total 347136K, used 2949K [0x0000000603200000, 0x0000000618500000, 0x0000000756600000)
  object space 347136K, 0% used [0x0000000603200000,0x00000006034e16c0,0x0000000618500000)
 PSPermGen       total 39424K, used 39393K [0x00000005fe000000, 0x0000000600680000, 0x0000000603200000)
  object space 39424K, 99% used [0x00000005fe000000,0x0000000600678548,0x0000000600680000)
Event: 4.145 GC heap after
Heap after GC invocations=2 (full 0):
 PSYoungGen      total 152576K, used 20865K [0x0000000756600000, 0x0000000761000000, 0x0000000800000000)
  eden space 131072K, 0% used [0x0000000756600000,0x0000000756600000,0x000000075e600000)
  from space 21504K, 97% used [0x000000075fb00000,0x0000000760f606f8,0x0000000761000000)
  to   space 21504K, 0% used [0x000000075e600000,0x000000075e600000,0x000000075fb00000)
 ParOldGen       total 347136K, used 2957K [0x0000000603200000, 0x0000000618500000, 0x0000000756600000)
  object space 347136K, 0% used [0x0000000603200000,0x00000006034e36c0,0x0000000618500000)
 PSPermGen       total 39424K, used 39393K [0x00000005fe000000, 0x0000000600680000, 0x0000000603200000)
  object space 39424K, 99% used [0x00000005fe000000,0x0000000600678548,0x0000000600680000)
}

Deoptimization events (10 events):
Event: 7.669 Thread 0x0000000002566800 Uncommon trap: reason=class_check action=maybe_recompile pc=0x00000000028dcec4 method=java.util.regex.Pattern$Start.match(Ljava/util/regex/Matcher;ILjava/lang/CharSequence;)Z @ 44
Event: 7.669 Thread 0x0000000002566800 Uncommon trap: reason=class_check action=maybe_recompile pc=0x00000000028dcec4 method=java.util.regex.Pattern$Start.match(Ljava/util/regex/Matcher;ILjava/lang/CharSequence;)Z @ 44
Event: 7.669 Thread 0x0000000002566800 Uncommon trap: reason=class_check action=maybe_recompile pc=0x00000000028dcec4 method=java.util.regex.Pattern$Start.match(Ljava/util/regex/Matcher;ILjava/lang/CharSequence;)Z @ 44
Event: 8.066 Thread 0x0000000002566800 Uncommon trap: reason=bimorphic action=maybe_recompile pc=0x00000000028d8734 method=org.eclipse.swt.widgets.Control.windowProc(JIJJ)J @ 1394
Event: 8.066 Thread 0x0000000002566800 Uncommon trap: reason=class_check action=maybe_recompile pc=0x00000000028d8728 method=org.eclipse.swt.widgets.Control.windowProc(JIJJ)J @ 1316
Event: 8.076 Thread 0x0000000002566800 Uncommon trap: reason=bimorphic action=maybe_recompile pc=0x00000000028d8734 method=org.eclipse.swt.widgets.Control.windowProc(JIJJ)J @ 1394
Event: 9.850 Thread 0x0000000002566800 Uncommon trap: reason=null_check action=make_not_entrant pc=0x0000000002824d30 method=org.eclipse.gef.ui.parts.GraphicalViewerImpl$1$ConditionalTreeSearch.accept(Lorg/eclipse/draw2d/IFigure;)Z @ 18
Event: 9.850 Thread 0x0000000002566800 Uncommon trap: reason=null_check action=make_not_entrant pc=0x0000000002824d30 method=org.eclipse.gef.ui.parts.GraphicalViewerImpl$1$ConditionalTreeSearch.accept(Lorg/eclipse/draw2d/IFigure;)Z @ 18
Event: 9.850 Thread 0x0000000002566800 Uncommon trap: reason=null_check action=make_not_entrant pc=0x0000000002824d30 method=org.eclipse.gef.ui.parts.GraphicalViewerImpl$1$ConditionalTreeSearch.accept(Lorg/eclipse/draw2d/IFigure;)Z @ 18
Event: 9.850 Thread 0x0000000002566800 Uncommon trap: reason=null_check action=make_not_entrant pc=0x0000000002824d30 method=org.eclipse.gef.ui.parts.GraphicalViewerImpl$1$ConditionalTreeSearch.accept(Lorg/eclipse/draw2d/IFigure;)Z @ 18

Internal exceptions (10 events):
Event: 4.342 Thread 0x0000000002566800 Threw 0x00000007579cb478 at C:\re\jdk7u67\1368\hotspot\src\share\vm\prims\jni.cpp:717
Event: 4.381 Thread 0x0000000002566800 Implicit null exception at 0x00000000028a1078 to 0x00000000028a1ca5
Event: 5.062 Thread 0x0000000002566800 Threw 0x0000000758fe1308 at C:\re\jdk7u67\1368\hotspot\src\share\vm\prims\jni.cpp:717
Event: 5.078 Thread 0x0000000002566800 Threw 0x00000007590e8ec0 at C:\re\jdk7u67\1368\hotspot\src\share\vm\prims\jni.cpp:717
Event: 9.850 Thread 0x0000000002566800 Implicit null exception at 0x0000000002824b03 to 0x0000000002824d25
Event: 9.850 Thread 0x0000000002566800 Implicit null exception at 0x0000000002824b03 to 0x0000000002824d25
Event: 9.850 Thread 0x0000000002566800 Implicit null exception at 0x0000000002824b03 to 0x0000000002824d25
Event: 9.850 Thread 0x0000000002566800 Implicit null exception at 0x0000000002824b03 to 0x0000000002824d25
Event: 10.851 Thread 0x0000000002566800 Threw 0x00000007598ad1a0 at C:\re\jdk7u67\1368\hotspot\src\share\vm\prims\jni.cpp:717
Event: 10.852 Thread 0x0000000002566800 Threw 0x00000007598ae320 at C:\re\jdk7u67\1368\hotspot\src\share\vm\prims\jni.cpp:717

Events (10 events):
Event: 9.850 Thread 0x0000000002566800 DEOPT UNPACKING pc=0x00000000026975a4 sp=0x00000000001ddfd8 mode 2
Event: 9.850 Thread 0x0000000002566800 Uncommon trap: trap_request=0xfffffff4 fr.pc=0x0000000002824d30
Event: 9.850 Thread 0x0000000002566800 DEOPT PACKING pc=0x0000000002824d30 sp=0x00000000001de180
Event: 9.850 Thread 0x0000000002566800 DEOPT UNPACKING pc=0x00000000026975a4 sp=0x00000000001de0d8 mode 2
Event: 10.857 loading class 0x000000001ae8e480
Event: 10.857 loading class 0x000000001ae8e440
Event: 10.857 loading class 0x000000001ae8e440 done
Event: 10.857 loading class 0x000000001ae8e480 done
Event: 12.571 Executing VM operation: RevokeBias
Event: 12.571 Executing VM operation: RevokeBias done


Dynamic libraries:
0x00007ff759eb0000 - 0x00007ff759ec6000 	C:\Program Files\Intempora\RTMaps 4\bin\RTMaps.exe
0x00007ff925c60000 - 0x00007ff925e41000 	C:\WINDOWS\SYSTEM32\ntdll.dll
0x00007ff9250a0000 - 0x00007ff925151000 	C:\WINDOWS\System32\KERNEL32.DLL
0x00007ff922130000 - 0x00007ff9223a3000 	C:\WINDOWS\System32\KERNELBASE.dll
0x00007ff923110000 - 0x00007ff9232a0000 	C:\WINDOWS\System32\USER32.dll
0x00007ff9223b0000 - 0x00007ff9223d0000 	C:\WINDOWS\System32\win32u.dll
0x00007ff9234d0000 - 0x00007ff9234f8000 	C:\WINDOWS\System32\GDI32.dll
0x00007ff9225c0000 - 0x00007ff922754000 	C:\WINDOWS\System32\gdi32full.dll
0x00007ff922090000 - 0x00007ff92212f000 	C:\WINDOWS\System32\msvcp_win.dll
0x00007ff922810000 - 0x00007ff922908000 	C:\WINDOWS\System32\ucrtbase.dll
0x00007ff90da30000 - 0x00007ff90dc99000 	C:\WINDOWS\WinSxS\amd64_microsoft.windows.common-controls_6595b64144ccf1df_6.0.17134.2208_none_d3fb8d057c943d4a\COMCTL32.dll
0x00007ff924aa0000 - 0x00007ff924b3e000 	C:\WINDOWS\System32\msvcrt.dll
0x000000006a5b0000 - 0x000000006a682000 	C:\Program Files\Intempora\RTMaps 4\bin\MSVCR100.dll
0x00007ff9258a0000 - 0x00007ff925bc2000 	C:\WINDOWS\System32\combase.dll
0x00007ff924970000 - 0x00007ff924a92000 	C:\WINDOWS\System32\RPCRT4.dll
0x00007ff922010000 - 0x00007ff922089000 	C:\WINDOWS\System32\bcryptPrimitives.dll
0x00007ff9230e0000 - 0x00007ff92310d000 	C:\WINDOWS\System32\IMM32.DLL
0x0000000072000000 - 0x0000000072012000 	C:\Program Files\Intempora\RTMaps 4\plugins\org.eclipse.equinox.launcher.win32.win32.x86_64_1.1.2.R36x_v20101222\eclipse_1312.dll
0x00007ff9232c0000 - 0x00007ff923361000 	C:\WINDOWS\System32\ADVAPI32.dll
0x00007ff924c20000 - 0x00007ff924c7b000 	C:\WINDOWS\System32\sechost.dll
0x00007ff91c6a0000 - 0x00007ff91c6aa000 	C:\WINDOWS\SYSTEM32\VERSION.dll
0x0000000069dd0000 - 0x000000006a5a2000 	C:\Program Files\Intempora\RTMaps 4\jre\bin\server\jvm.dll
0x00007ff924c10000 - 0x00007ff924c18000 	C:\WINDOWS\System32\PSAPI.DLL
0x00007ff90da20000 - 0x00007ff90da29000 	C:\WINDOWS\SYSTEM32\WSOCK32.dll
0x00007ff920240000 - 0x00007ff920263000 	C:\WINDOWS\SYSTEM32\WINMM.dll
0x00007ff924c80000 - 0x00007ff924cec000 	C:\WINDOWS\System32\WS2_32.dll
0x00007ff920210000 - 0x00007ff92023a000 	C:\WINDOWS\SYSTEM32\winmmbase.dll
0x00007ff9227c0000 - 0x00007ff922809000 	C:\WINDOWS\System32\cfgmgr32.dll
0x000000006cf40000 - 0x000000006cf4f000 	C:\Program Files\Intempora\RTMaps 4\jre\bin\verify.dll
0x000000006cf10000 - 0x000000006cf38000 	C:\Program Files\Intempora\RTMaps 4\jre\bin\java.dll
0x000000006b6b0000 - 0x000000006b6c5000 	C:\Program Files\Intempora\RTMaps 4\jre\bin\zip.dll
0x00007ff921980000 - 0x00007ff921997000 	C:\WINDOWS\SYSTEM32\CRYPTSP.dll
0x00007ff921380000 - 0x00007ff9213b3000 	C:\WINDOWS\system32\rsaenh.dll
0x00007ff921ab0000 - 0x00007ff921ad5000 	C:\WINDOWS\SYSTEM32\bcrypt.dll
0x00007ff921e80000 - 0x00007ff921ea8000 	C:\WINDOWS\SYSTEM32\USERENV.dll
0x00007ff921fc0000 - 0x00007ff921fdf000 	C:\WINDOWS\System32\profapi.dll
0x00007ff9219a0000 - 0x00007ff9219ab000 	C:\WINDOWS\SYSTEM32\CRYPTBASE.dll
0x0000000069db0000 - 0x0000000069dc9000 	C:\Program Files\Intempora\RTMaps 4\jre\bin\net.dll
0x00007ff9217d0000 - 0x00007ff921836000 	C:\WINDOWS\system32\mswsock.dll
0x00007ff921520000 - 0x00007ff921558000 	C:\WINDOWS\SYSTEM32\IPHLPAPI.DLL
0x00007ff9232b0000 - 0x00007ff9232b8000 	C:\WINDOWS\System32\NSI.dll
0x00007ff91d330000 - 0x00007ff91d346000 	C:\WINDOWS\SYSTEM32\dhcpcsvc6.DLL
0x00007ff91d2c0000 - 0x00007ff91d2da000 	C:\WINDOWS\SYSTEM32\dhcpcsvc.DLL
0x0000000069d90000 - 0x0000000069da1000 	C:\Program Files\Intempora\RTMaps 4\jre\bin\nio.dll
0x00007ff9205f0000 - 0x00007ff920688000 	C:\WINDOWS\system32\uxtheme.dll
0x00007ff925160000 - 0x00007ff9252d4000 	C:\WINDOWS\System32\MSCTF.dll
0x00007ff924b40000 - 0x00007ff924c02000 	C:\WINDOWS\System32\OLEAUT32.dll
0x00007ff921f50000 - 0x00007ff921f61000 	C:\WINDOWS\System32\kernel.appcore.dll
0x00007ff91cac0000 - 0x00007ff91cb52000 	C:\WINDOWS\System32\TextInputFramework.dll
0x00007ff91c750000 - 0x00007ff91ca6e000 	C:\WINDOWS\System32\CoreUIComponents.dll
0x00007ff91fec0000 - 0x00007ff91ff9a000 	C:\WINDOWS\System32\CoreMessaging.dll
0x00007ff924cf0000 - 0x00007ff924d98000 	C:\WINDOWS\System32\SHCORE.dll
0x00007ff920fb0000 - 0x00007ff920fe1000 	C:\WINDOWS\SYSTEM32\ntmarta.dll
0x00007ff91dcd0000 - 0x00007ff91de17000 	C:\WINDOWS\SYSTEM32\wintypes.dll
0x00007ff9206c0000 - 0x00007ff9206e9000 	C:\WINDOWS\system32\dwmapi.dll
0x000000001cdb0000 - 0x000000001ce4b000 	C:\Users\31249590\RTMaps-4.0\configuration\org.eclipse.osgi\bundles\121\1\.cp\swt-win32-3659.dll
0x00007ff923370000 - 0x00007ff9234c2000 	C:\WINDOWS\System32\ole32.dll
0x00007ff925360000 - 0x00007ff92544d000 	C:\WINDOWS\System32\comdlg32.dll
0x00007ff925040000 - 0x00007ff925091000 	C:\WINDOWS\System32\SHLWAPI.dll
0x00007ff923500000 - 0x00007ff924946000 	C:\WINDOWS\System32\SHELL32.dll
0x00007ff922910000 - 0x00007ff923023000 	C:\WINDOWS\System32\windows.storage.dll
0x00007ff921f70000 - 0x00007ff921fbc000 	C:\WINDOWS\System32\powrprof.dll
0x00007ff922000000 - 0x00007ff92200a000 	C:\WINDOWS\System32\FLTLIB.DLL
0x00007ff91d400000 - 0x00007ff91d419000 	C:\WINDOWS\SYSTEM32\USP10.dll
0x00007ff907600000 - 0x00007ff907abc000 	C:\WINDOWS\SYSTEM32\WININET.dll
0x000000001b810000 - 0x000000001b82e000 	C:\Users\31249590\RTMaps-4.0\configuration\org.eclipse.osgi\bundles\121\1\.cp\swt-gdip-win32-3659.dll
0x00007ff901110000 - 0x00007ff9012ab000 	C:\WINDOWS\WinSxS\amd64_microsoft.windows.gdiplus_6595b64144ccf1df_1.1.17134.2208_none_04e67fead726b718\gdiplus.dll
0x00007ff91c0c0000 - 0x00007ff91c26e000 	C:\WINDOWS\SYSTEM32\WindowsCodecs.dll
0x00007ff91e710000 - 0x00007ff91e8c5000 	C:\WINDOWS\SYSTEM32\propsys.dll
0x00007ff924da0000 - 0x00007ff924e40000 	C:\WINDOWS\System32\clbcatq.dll
0x00007ff8dae90000 - 0x00007ff8db325000 	C:\WINDOWS\system32\explorerframe.dll
0x00007ff9012b0000 - 0x00007ff90131b000 	C:\WINDOWS\SYSTEM32\oleacc.dll
0x00007ff8db4a0000 - 0x00007ff8db4f8000 	C:\WINDOWS\system32\dataexchange.dll
0x00007ff91f060000 - 0x00007ff91f36b000 	C:\WINDOWS\system32\d3d11.dll
0x00007ff91f940000 - 0x00007ff91fadc000 	C:\WINDOWS\system32\dcomp.dll
0x00007ff920d10000 - 0x00007ff920dcb000 	C:\WINDOWS\system32\dxgi.dll
0x00007ff920800000 - 0x00007ff9209b7000 	C:\WINDOWS\system32\twinapi.appcore.dll
0x00007ff9207a0000 - 0x00007ff9207c1000 	C:\WINDOWS\system32\RMCLIENT.dll
0x00007ff903f80000 - 0x00007ff903f87000 	C:\WINDOWS\SYSTEM32\msimg32.dll
0x00007ff8ae640000 - 0x00007ff8af297000 	C:\Windows\System32\ieframe.dll
0x00007ff919ba0000 - 0x00007ff919e48000 	C:\Windows\System32\iertutil.dll
0x00007ff9052b0000 - 0x00007ff9052c7000 	C:\Windows\System32\NETAPI32.dll
0x00007ff91d4b0000 - 0x00007ff91d58d000 	C:\Windows\System32\WINHTTP.dll
0x00007ff921620000 - 0x00007ff92162e000 	C:\Windows\System32\NETUTILS.DLL
0x00007ff919f30000 - 0x00007ff919f47000 	C:\Windows\System32\WKSCLI.DLL
0x00007ff9252e0000 - 0x00007ff925354000 	C:\WINDOWS\System32\coml2.dll
0x00007ff9157c0000 - 0x00007ff91598d000 	C:\WINDOWS\SYSTEM32\urlmon.dll
0x00007ff921db0000 - 0x00007ff921e4a000 	C:\WINDOWS\SYSTEM32\sxs.dll
0x00007ff8b4e40000 - 0x00007ff8b4e90000 	C:\WINDOWS\SYSTEM32\msIso.dll
0x00007ff8cf450000 - 0x00007ff8d0a21000 	C:\Windows\System32\mshtml.dll
0x00007ff921e50000 - 0x00007ff921e80000 	C:\WINDOWS\SYSTEM32\SspiCli.dll
0x00007ff920290000 - 0x00007ff9202b9000 	C:\Windows\System32\srpapi.dll
0x00007ff9223d0000 - 0x00007ff9225b2000 	C:\WINDOWS\System32\CRYPT32.dll
0x00007ff921fe0000 - 0x00007ff921ff2000 	C:\WINDOWS\System32\MSASN1.dll
0x00007ff91e440000 - 0x00007ff91e450000 	C:\WINDOWS\system32\msimtf.dll
0x00007ff8ccb70000 - 0x00007ff8ccba8000 	C:\Windows\System32\msls31.dll
0x00007ff91f370000 - 0x00007ff91f937000 	C:\Windows\System32\d2d1.dll
0x00007ff910560000 - 0x00007ff91087a000 	C:\Windows\System32\DWrite.dll
0x00007ff8ef190000 - 0x00007ff8ef90e000 	C:\WINDOWS\SYSTEM32\d3d10warp.dll
0x00007ff916460000 - 0x00007ff91646c000 	C:\WINDOWS\SYSTEM32\Secur32.dll
0x00007ff9043a0000 - 0x00007ff9043df000 	C:\WINDOWS\SYSTEM32\MLANG.dll
0x00007ff8e84b0000 - 0x00007ff8e86ae000 	C:\Windows\System32\uiautomationcore.dll
0x0000000180000000 - 0x00000001806cc000 	C:\Program Files\Intempora\RTMaps 4\bin\rtmaps.dll
0x0000000069cf0000 - 0x0000000069d88000 	C:\Program Files\Intempora\RTMaps 4\bin\MSVCP100.dll
0x00007ff90e550000 - 0x00007ff90e62a000 	C:\Program Files\Intempora\RTMaps 4\bin\rtmaps_fd.dll
0x0000000028cd0000 - 0x0000000028e2b000 	C:\Program Files\Intempora\RTMaps 4\bin\rtmaps_remote_studio.dll
0x0000000028f00000 - 0x0000000028f0d000 	C:\Program Files\Intempora\RTMaps 4\bin\rtmaps_wrapper_java.dll
0x00007ff8fea30000 - 0x00007ff8fea46000 	C:\WINDOWS\system32\napinsp.dll
0x00007ff8fea80000 - 0x00007ff8fea9a000 	C:\WINDOWS\system32\pnrpnsp.dll
0x00007ff91a1a0000 - 0x00007ff91a1b9000 	C:\WINDOWS\system32\NLAapi.dll
0x00007ff921560000 - 0x00007ff92161e000 	C:\WINDOWS\SYSTEM32\DNSAPI.dll
0x00007ff901730000 - 0x00007ff90173e000 	C:\WINDOWS\System32\winrnr.dll
0x00007ff919f10000 - 0x00007ff919f25000 	C:\WINDOWS\System32\wshbth.dll
0x000000006e990000 - 0x000000006e99b000 	C:\Program Files\National Instruments\Shared\mDNS Responder\nimdnsNSP.dll
0x000000006e670000 - 0x000000006e681000 	C:\WINDOWS\SYSTEM32\nimdnsResponder.dll
0x00007ff90ccb0000 - 0x00007ff90cccb000 	C:\WINDOWS\SYSTEM32\VCRUNTIME140.dll
0x00007ff91da40000 - 0x00007ff91dab2000 	C:\WINDOWS\System32\fwpuclnt.dll
0x00007ff916120000 - 0x00007ff91612a000 	C:\Windows\System32\rasadhlp.dll
0x0000000029030000 - 0x000000002a61c000 	C:\Program Files\Intempora\RTMaps 4\packages\rtmaps_standard_components.pck
0x00007ff90e7d0000 - 0x00007ff90e813000 	C:\WINDOWS\SYSTEM32\DINPUT8.dll
0x00007ff8da110000 - 0x00007ff8da230000 	C:\WINDOWS\SYSTEM32\OPENGL32.dll
0x00007ff91dae0000 - 0x00007ff91dae7000 	C:\WINDOWS\SYSTEM32\XINPUT9_1_0.dll
0x00007ff8fedd0000 - 0x00007ff8feebb000 	C:\WINDOWS\SYSTEM32\RASAPI32.dll
0x00007ff8da0e0000 - 0x00007ff8da10c000 	C:\WINDOWS\SYSTEM32\GLU32.dll
0x00007ff8fed50000 - 0x00007ff8fed83000 	C:\WINDOWS\SYSTEM32\rasman.dll
0x00007ff91cb60000 - 0x00007ff91cbd9000 	C:\WINDOWS\SYSTEM32\inputhost.dll
0x00007ff8f3df0000 - 0x00007ff8f45d0000 	C:\Program Files\Intempora\RTMaps 4\packages\rtmaps_standard_gui.pck
0x000000002a840000 - 0x000000002bb8d000 	C:\Program Files\Intempora\RTMaps 4\packages\rtmaps_standard_rrms.pck

VM Arguments:
java_command: <unknown>
Launcher Type: generic

Environment Variables:
USERNAME=31249590
OS=Windows_NT
PROCESSOR_IDENTIFIER=Intel64 Family 6 Model 158 Stepping 13, GenuineIntel



---------------  S Y S T E M  ---------------

OS: Windows 8 , 64 bit Build 9200 

CPU:total 8 (8 cores per cpu, 1 threads per core) family 6 model 158 stepping 13, cmov, cx8, fxsr, mmx, sse, sse2, sse3, ssse3, sse4.1, sse4.2, popcnt, avx, avx2, aes, erms, tsc, tscinvbit

Memory: 4k page, physical 33347416k(14311984k free), swap 38328152k(16328916k free)

vm_info: Java HotSpot(TM) 64-Bit Server VM (24.65-b04) for windows-amd64 JRE (1.7.0_67-b01), built on Jul 25 2014 08:55:00 by "java_re" with unknown MS VC++:1600

time: Thu Jan 19 10:57:04 2023
elapsed time: 17 seconds

